This file contains any messages produced by compilers while
running configure, to aid debugging if configure makes a mistake.

It was created by boblight configure 2.0, which was
generated by GNU Autoconf 2.69.  Invocation command line was

  $ ./configure --no-create --no-recursion

## --------- ##
## Platform. ##
## --------- ##

hostname = raspbmc
uname -m = armv6l
uname -r = 3.6.11
uname -s = Linux
uname -v = #2 PREEMPT Wed Mar 13 17:12:47 UTC 2013

/usr/bin/uname -p = unknown
/bin/uname -X     = unknown

/bin/arch              = unknown
/usr/bin/arch -k       = unknown
/usr/convex/getsysinfo = unknown
/usr/bin/hostinfo      = unknown
/bin/machine           = unknown
/usr/bin/oslevel       = unknown
/bin/universe          = unknown

PATH: /usr/local/sbin
PATH: /usr/local/bin
PATH: /usr/sbin
PATH: /usr/bin
PATH: /sbin
PATH: /bin


## ----------- ##
## Core tests. ##
## ----------- ##

configure:2334: checking for a BSD-compatible install
configure:2402: result: /usr/bin/install -c
configure:2413: checking whether build environment is sane
configure:2463: result: yes
configure:2604: checking for a thread-safe mkdir -p
configure:2643: result: /bin/mkdir -p
configure:2656: checking for gawk
configure:2686: result: no
configure:2656: checking for mawk
configure:2672: found /usr/bin/mawk
configure:2683: result: mawk
configure:2694: checking whether make sets $(MAKE)
configure:2716: result: yes
configure:2799: checking whether to enable maintainer-specific portions of Makefiles
configure:2808: result: no
configure:2834: checking for style of include used by make
configure:2862: result: GNU
configure:2933: checking for gcc
configure:2949: found /usr/bin/gcc
configure:2960: result: gcc
configure:3189: checking for C compiler version
configure:3198: gcc --version >&5
gcc (Debian 4.6.3-14+rpi1) 4.6.3
Copyright (C) 2011 Free Software Foundation, Inc.
This is free software; see the source for copying conditions.  There is NO
warranty; not even for MERCHANTABILITY or FITNESS FOR A PARTICULAR PURPOSE.

configure:3209: $? = 0
configure:3198: gcc -v >&5
Using built-in specs.
COLLECT_GCC=gcc
COLLECT_LTO_WRAPPER=/usr/lib/gcc/arm-linux-gnueabihf/4.6/lto-wrapper
Target: arm-linux-gnueabihf
Configured with: ../src/configure -v --with-pkgversion='Debian 4.6.3-14+rpi1' --with-bugurl=file:///usr/share/doc/gcc-4.6/README.Bugs --enable-languages=c,c++,fortran,objc,obj-c++ --prefix=/usr --program-suffix=-4.6 --enable-shared --enable-linker-build-id --with-system-zlib --libexecdir=/usr/lib --without-included-gettext --enable-threads=posix --with-gxx-include-dir=/usr/include/c++/4.6 --libdir=/usr/lib --enable-nls --with-sysroot=/ --enable-clocale=gnu --enable-libstdcxx-debug --enable-libstdcxx-time=yes --enable-gnu-unique-object --enable-plugin --enable-objc-gc --disable-sjlj-exceptions --with-arch=armv6 --with-fpu=vfp --with-float=hard --enable-checking=release --build=arm-linux-gnueabihf --host=arm-linux-gnueabihf --target=arm-linux-gnueabihf
Thread model: posix
gcc version 4.6.3 (Debian 4.6.3-14+rpi1) 
configure:3209: $? = 0
configure:3198: gcc -V >&5
gcc: error: unrecognized option '-V'
gcc: fatal error: no input files
compilation terminated.
configure:3209: $? = 4
configure:3198: gcc -qversion >&5
gcc: error: unrecognized option '-qversion'
gcc: fatal error: no input files
compilation terminated.
configure:3209: $? = 4
configure:3229: checking whether the C compiler works
configure:3251: gcc    conftest.c  >&5
configure:3255: $? = 0
configure:3303: result: yes
configure:3306: checking for C compiler default output file name
configure:3308: result: a.out
configure:3314: checking for suffix of executables
configure:3321: gcc -o conftest    conftest.c  >&5
configure:3325: $? = 0
configure:3347: result: 
configure:3369: checking whether we are cross compiling
configure:3377: gcc -o conftest    conftest.c  >&5
configure:3381: $? = 0
configure:3388: ./conftest
configure:3392: $? = 0
configure:3407: result: no
configure:3412: checking for suffix of object files
configure:3434: gcc -c   conftest.c >&5
configure:3438: $? = 0
configure:3459: result: o
configure:3463: checking whether we are using the GNU C compiler
configure:3482: gcc -c   conftest.c >&5
configure:3482: $? = 0
configure:3491: result: yes
configure:3500: checking whether gcc accepts -g
configure:3520: gcc -c -g  conftest.c >&5
configure:3520: $? = 0
configure:3561: result: yes
configure:3578: checking for gcc option to accept ISO C89
configure:3641: gcc  -c -g -O2  conftest.c >&5
configure:3641: $? = 0
configure:3654: result: none needed
configure:3676: checking dependency style of gcc
configure:3787: result: gcc3
configure:3803: checking for library containing strerror
configure:3834: gcc -o conftest -g -O2   conftest.c  >&5
configure:3834: $? = 0
configure:3851: result: none required
configure:3917: checking for g++
configure:3933: found /usr/bin/g++
configure:3944: result: g++
configure:3971: checking for C++ compiler version
configure:3980: g++ --version >&5
g++ (Debian 4.6.3-14+rpi1) 4.6.3
Copyright (C) 2011 Free Software Foundation, Inc.
This is free software; see the source for copying conditions.  There is NO
warranty; not even for MERCHANTABILITY or FITNESS FOR A PARTICULAR PURPOSE.

configure:3991: $? = 0
configure:3980: g++ -v >&5
Using built-in specs.
COLLECT_GCC=g++
COLLECT_LTO_WRAPPER=/usr/lib/gcc/arm-linux-gnueabihf/4.6/lto-wrapper
Target: arm-linux-gnueabihf
Configured with: ../src/configure -v --with-pkgversion='Debian 4.6.3-14+rpi1' --with-bugurl=file:///usr/share/doc/gcc-4.6/README.Bugs --enable-languages=c,c++,fortran,objc,obj-c++ --prefix=/usr --program-suffix=-4.6 --enable-shared --enable-linker-build-id --with-system-zlib --libexecdir=/usr/lib --without-included-gettext --enable-threads=posix --with-gxx-include-dir=/usr/include/c++/4.6 --libdir=/usr/lib --enable-nls --with-sysroot=/ --enable-clocale=gnu --enable-libstdcxx-debug --enable-libstdcxx-time=yes --enable-gnu-unique-object --enable-plugin --enable-objc-gc --disable-sjlj-exceptions --with-arch=armv6 --with-fpu=vfp --with-float=hard --enable-checking=release --build=arm-linux-gnueabihf --host=arm-linux-gnueabihf --target=arm-linux-gnueabihf
Thread model: posix
gcc version 4.6.3 (Debian 4.6.3-14+rpi1) 
configure:3991: $? = 0
configure:3980: g++ -V >&5
g++: error: unrecognized option '-V'
g++: fatal error: no input files
compilation terminated.
configure:3991: $? = 4
configure:3980: g++ -qversion >&5
g++: error: unrecognized option '-qversion'
g++: fatal error: no input files
compilation terminated.
configure:3991: $? = 4
configure:3995: checking whether we are using the GNU C++ compiler
configure:4014: g++ -c   conftest.cpp >&5
configure:4014: $? = 0
configure:4023: result: yes
configure:4032: checking whether g++ accepts -g
configure:4052: g++ -c -g  conftest.cpp >&5
configure:4052: $? = 0
configure:4093: result: yes
configure:4118: checking dependency style of g++
configure:4229: result: gcc3
configure:4292: checking for gcc
configure:4319: result: gcc
configure:4548: checking for C compiler version
configure:4557: gcc --version >&5
gcc (Debian 4.6.3-14+rpi1) 4.6.3
Copyright (C) 2011 Free Software Foundation, Inc.
This is free software; see the source for copying conditions.  There is NO
warranty; not even for MERCHANTABILITY or FITNESS FOR A PARTICULAR PURPOSE.

configure:4568: $? = 0
configure:4557: gcc -v >&5
Using built-in specs.
COLLECT_GCC=gcc
COLLECT_LTO_WRAPPER=/usr/lib/gcc/arm-linux-gnueabihf/4.6/lto-wrapper
Target: arm-linux-gnueabihf
Configured with: ../src/configure -v --with-pkgversion='Debian 4.6.3-14+rpi1' --with-bugurl=file:///usr/share/doc/gcc-4.6/README.Bugs --enable-languages=c,c++,fortran,objc,obj-c++ --prefix=/usr --program-suffix=-4.6 --enable-shared --enable-linker-build-id --with-system-zlib --libexecdir=/usr/lib --without-included-gettext --enable-threads=posix --with-gxx-include-dir=/usr/include/c++/4.6 --libdir=/usr/lib --enable-nls --with-sysroot=/ --enable-clocale=gnu --enable-libstdcxx-debug --enable-libstdcxx-time=yes --enable-gnu-unique-object --enable-plugin --enable-objc-gc --disable-sjlj-exceptions --with-arch=armv6 --with-fpu=vfp --with-float=hard --enable-checking=release --build=arm-linux-gnueabihf --host=arm-linux-gnueabihf --target=arm-linux-gnueabihf
Thread model: posix
gcc version 4.6.3 (Debian 4.6.3-14+rpi1) 
configure:4568: $? = 0
configure:4557: gcc -V >&5
gcc: error: unrecognized option '-V'
gcc: fatal error: no input files
compilation terminated.
configure:4568: $? = 4
configure:4557: gcc -qversion >&5
gcc: error: unrecognized option '-qversion'
gcc: fatal error: no input files
compilation terminated.
configure:4568: $? = 4
configure:4572: checking whether we are using the GNU C compiler
configure:4600: result: yes
configure:4609: checking whether gcc accepts -g
configure:4670: result: yes
configure:4687: checking for gcc option to accept ISO C89
configure:4763: result: none needed
configure:4785: checking dependency style of gcc
configure:4896: result: gcc3
configure:4916: checking how to run the C preprocessor
configure:4947: gcc -E  conftest.c
configure:4947: $? = 0
configure:4961: gcc -E  conftest.c
conftest.c:11:28: fatal error: ac_nonexistent.h: No such file or directory
compilation terminated.
configure:4961: $? = 1
configure: failed program was:
| /* confdefs.h */
| #define PACKAGE_NAME "boblight"
| #define PACKAGE_TARNAME "boblight"
| #define PACKAGE_VERSION "2.0"
| #define PACKAGE_STRING "boblight 2.0"
| #define PACKAGE_BUGREPORT ""
| #define PACKAGE_URL ""
| #define PACKAGE "boblight"
| #define VERSION "2.0"
| /* end confdefs.h.  */
| #include <ac_nonexistent.h>
configure:4986: result: gcc -E
configure:5006: gcc -E  conftest.c
configure:5006: $? = 0
configure:5020: gcc -E  conftest.c
conftest.c:11:28: fatal error: ac_nonexistent.h: No such file or directory
compilation terminated.
configure:5020: $? = 1
configure: failed program was:
| /* confdefs.h */
| #define PACKAGE_NAME "boblight"
| #define PACKAGE_TARNAME "boblight"
| #define PACKAGE_VERSION "2.0"
| #define PACKAGE_STRING "boblight 2.0"
| #define PACKAGE_BUGREPORT ""
| #define PACKAGE_URL ""
| #define PACKAGE "boblight"
| #define VERSION "2.0"
| /* end confdefs.h.  */
| #include <ac_nonexistent.h>
configure:5049: checking for grep that handles long lines and -e
configure:5107: result: /bin/grep
configure:5112: checking for egrep
configure:5174: result: /bin/grep -E
configure:5179: checking for ANSI C header files
configure:5199: gcc -c -g -O2  conftest.c >&5
configure:5199: $? = 0
configure:5272: gcc -o conftest -g -O2   conftest.c  >&5
configure:5272: $? = 0
configure:5272: ./conftest
configure:5272: $? = 0
configure:5283: result: yes
configure:5321: checking build system type
configure:5335: result: armv6l-unknown-linux-gnueabi
configure:5355: checking host system type
configure:5368: result: armv6l-unknown-linux-gnueabi
configure:5409: checking how to print strings
configure:5436: result: printf
configure:5457: checking for a sed that does not truncate output
configure:5521: result: /bin/sed
configure:5539: checking for fgrep
configure:5601: result: /bin/grep -F
configure:5636: checking for ld used by gcc
configure:5703: result: /usr/bin/ld
configure:5710: checking if the linker (/usr/bin/ld) is GNU ld
configure:5725: result: yes
configure:5737: checking for BSD- or MS-compatible name lister (nm)
configure:5786: result: /usr/bin/nm -B
configure:5916: checking the name lister (/usr/bin/nm -B) interface
configure:5923: gcc -c -g -O2  conftest.c >&5
configure:5926: /usr/bin/nm -B "conftest.o"
configure:5929: output
00000000 B some_variable
configure:5936: result: BSD nm
configure:5939: checking whether ln -s works
configure:5943: result: yes
configure:5951: checking the maximum length of command line arguments
configure:6081: result: 805306365
configure:6098: checking whether the shell understands some XSI constructs
configure:6108: result: yes
configure:6112: checking whether the shell understands "+="
configure:6118: result: yes
configure:6153: checking how to convert armv6l-unknown-linux-gnueabi file names to armv6l-unknown-linux-gnueabi format
configure:6193: result: func_convert_file_noop
configure:6200: checking how to convert armv6l-unknown-linux-gnueabi file names to toolchain format
configure:6220: result: func_convert_file_noop
configure:6227: checking for /usr/bin/ld option to reload object files
configure:6234: result: -r
configure:6308: checking for objdump
configure:6324: found /usr/bin/objdump
configure:6335: result: objdump
configure:6367: checking how to recognize dependent libraries
configure:6565: result: pass_all
configure:6650: checking for dlltool
configure:6680: result: no
configure:6710: checking how to associate runtime and link libraries
configure:6737: result: printf %s\n
configure:6797: checking for ar
configure:6813: found /usr/bin/ar
configure:6824: result: ar
configure:6861: checking for archiver @FILE support
configure:6878: gcc -c -g -O2  conftest.c >&5
configure:6878: $? = 0
configure:6881: ar cru libconftest.a @conftest.lst >&5
configure:6884: $? = 0
configure:6889: ar cru libconftest.a @conftest.lst >&5
ar: conftest.o: No such file or directory
configure:6892: $? = 1
configure:6904: result: @
configure:6962: checking for strip
configure:6978: found /usr/bin/strip
configure:6989: result: strip
configure:7061: checking for ranlib
configure:7077: found /usr/bin/ranlib
configure:7088: result: ranlib
configure:7190: checking command to parse /usr/bin/nm -B output from gcc object
configure:7310: gcc -c -g -O2  conftest.c >&5
configure:7313: $? = 0
configure:7317: /usr/bin/nm -B conftest.o \| sed -n -e 's/^.*[ ]\([ABCDGIRSTW][ABCDGIRSTW]*\)[ ][ ]*\([_A-Za-z][_A-Za-z0-9]*\)$/\1 \2 \2/p' | sed '/ __gnu_lto/d' \> conftest.nm
configure:7320: $? = 0
configure:7386: gcc -o conftest -g -O2   conftest.c conftstm.o >&5
configure:7389: $? = 0
configure:7427: result: ok
configure:7464: checking for sysroot
configure:7494: result: no
configure:7750: checking for mt
configure:7766: found /bin/mt
configure:7777: result: mt
configure:7800: checking if mt is a manifest tool
configure:7806: mt '-?'
configure:7814: result: no
configure:8456: checking for sys/types.h
configure:8456: gcc -c -g -O2  conftest.c >&5
configure:8456: $? = 0
configure:8456: result: yes
configure:8456: checking for sys/stat.h
configure:8456: gcc -c -g -O2  conftest.c >&5
configure:8456: $? = 0
configure:8456: result: yes
configure:8456: checking for stdlib.h
configure:8456: gcc -c -g -O2  conftest.c >&5
configure:8456: $? = 0
configure:8456: result: yes
configure:8456: checking for string.h
configure:8456: gcc -c -g -O2  conftest.c >&5
configure:8456: $? = 0
configure:8456: result: yes
configure:8456: checking for memory.h
configure:8456: gcc -c -g -O2  conftest.c >&5
configure:8456: $? = 0
configure:8456: result: yes
configure:8456: checking for strings.h
configure:8456: gcc -c -g -O2  conftest.c >&5
configure:8456: $? = 0
configure:8456: result: yes
configure:8456: checking for inttypes.h
configure:8456: gcc -c -g -O2  conftest.c >&5
configure:8456: $? = 0
configure:8456: result: yes
configure:8456: checking for stdint.h
configure:8456: gcc -c -g -O2  conftest.c >&5
configure:8456: $? = 0
configure:8456: result: yes
configure:8456: checking for unistd.h
configure:8456: gcc -c -g -O2  conftest.c >&5
configure:8456: $? = 0
configure:8456: result: yes
configure:8470: checking for dlfcn.h
configure:8470: gcc -c -g -O2  conftest.c >&5
configure:8470: $? = 0
configure:8470: result: yes
configure:8687: checking for objdir
configure:8702: result: .libs
configure:8969: checking if gcc supports -fno-rtti -fno-exceptions
configure:8987: gcc -c -g -O2  -fno-rtti -fno-exceptions conftest.c >&5
cc1: warning: command line option '-fno-rtti' is valid for C++/ObjC++ but not for C [enabled by default]
configure:8991: $? = 0
configure:9004: result: no
configure:9331: checking for gcc option to produce PIC
configure:9338: result: -fPIC -DPIC
configure:9346: checking if gcc PIC flag -fPIC -DPIC works
configure:9364: gcc -c -g -O2  -fPIC -DPIC -DPIC conftest.c >&5
configure:9368: $? = 0
configure:9381: result: yes
configure:9410: checking if gcc static flag -static works
configure:9438: result: yes
configure:9453: checking if gcc supports -c -o file.o
configure:9474: gcc -c -g -O2  -o out/conftest2.o conftest.c >&5
configure:9478: $? = 0
configure:9500: result: yes
configure:9508: checking if gcc supports -c -o file.o
configure:9555: result: yes
configure:9588: checking whether the gcc linker (/usr/bin/ld) supports shared libraries
configure:10745: result: yes
configure:10782: checking whether -lc should be explicitly linked in
configure:10790: gcc -c -g -O2  conftest.c >&5
configure:10793: $? = 0
configure:10808: gcc -shared  -fPIC -DPIC conftest.o  -v -Wl,-soname -Wl,conftest -o conftest 2\>\&1 \| /bin/grep  -lc  \>/dev/null 2\>\&1
configure:10811: $? = 0
configure:10825: result: no
configure:10985: checking dynamic linker characteristics
configure:11485: gcc -o conftest -g -O2   -Wl,-rpath -Wl,/foo conftest.c  >&5
configure:11485: $? = 0
configure:11719: result: GNU/Linux ld.so
configure:11826: checking how to hardcode library paths into programs
configure:11851: result: immediate
configure:12391: checking whether stripping libraries is possible
configure:12396: result: yes
configure:12431: checking if libtool supports shared libraries
configure:12433: result: yes
configure:12436: checking whether to build shared libraries
configure:12457: result: yes
configure:12460: checking whether to build static libraries
configure:12464: result: yes
configure:12487: checking how to run the C++ preprocessor
configure:12514: g++ -E  conftest.cpp
configure:12514: $? = 0
configure:12528: g++ -E  conftest.cpp
conftest.cpp:23:28: fatal error: ac_nonexistent.h: No such file or directory
compilation terminated.
configure:12528: $? = 1
configure: failed program was:
| /* confdefs.h */
| #define PACKAGE_NAME "boblight"
| #define PACKAGE_TARNAME "boblight"
| #define PACKAGE_VERSION "2.0"
| #define PACKAGE_STRING "boblight 2.0"
| #define PACKAGE_BUGREPORT ""
| #define PACKAGE_URL ""
| #define PACKAGE "boblight"
| #define VERSION "2.0"
| #define STDC_HEADERS 1
| #define HAVE_SYS_TYPES_H 1
| #define HAVE_SYS_STAT_H 1
| #define HAVE_STDLIB_H 1
| #define HAVE_STRING_H 1
| #define HAVE_MEMORY_H 1
| #define HAVE_STRINGS_H 1
| #define HAVE_INTTYPES_H 1
| #define HAVE_STDINT_H 1
| #define HAVE_UNISTD_H 1
| #define HAVE_DLFCN_H 1
| #define LT_OBJDIR ".libs/"
| /* end confdefs.h.  */
| #include <ac_nonexistent.h>
configure:12553: result: g++ -E
configure:12573: g++ -E  conftest.cpp
configure:12573: $? = 0
configure:12587: g++ -E  conftest.cpp
conftest.cpp:23:28: fatal error: ac_nonexistent.h: No such file or directory
compilation terminated.
configure:12587: $? = 1
configure: failed program was:
| /* confdefs.h */
| #define PACKAGE_NAME "boblight"
| #define PACKAGE_TARNAME "boblight"
| #define PACKAGE_VERSION "2.0"
| #define PACKAGE_STRING "boblight 2.0"
| #define PACKAGE_BUGREPORT ""
| #define PACKAGE_URL ""
| #define PACKAGE "boblight"
| #define VERSION "2.0"
| #define STDC_HEADERS 1
| #define HAVE_SYS_TYPES_H 1
| #define HAVE_SYS_STAT_H 1
| #define HAVE_STDLIB_H 1
| #define HAVE_STRING_H 1
| #define HAVE_MEMORY_H 1
| #define HAVE_STRINGS_H 1
| #define HAVE_INTTYPES_H 1
| #define HAVE_STDINT_H 1
| #define HAVE_UNISTD_H 1
| #define HAVE_DLFCN_H 1
| #define LT_OBJDIR ".libs/"
| /* end confdefs.h.  */
| #include <ac_nonexistent.h>
configure:12756: checking for ld used by g++
configure:12823: result: /usr/bin/ld
configure:12830: checking if the linker (/usr/bin/ld) is GNU ld
configure:12845: result: yes
configure:12900: checking whether the g++ linker (/usr/bin/ld) supports shared libraries
configure:13902: result: yes
configure:13938: g++ -c -g -O2  conftest.cpp >&5
configure:13941: $? = 0
configure:14461: checking for g++ option to produce PIC
configure:14468: result: -fPIC -DPIC
configure:14476: checking if g++ PIC flag -fPIC -DPIC works
configure:14494: g++ -c -g -O2  -fPIC -DPIC -DPIC conftest.cpp >&5
configure:14498: $? = 0
configure:14511: result: yes
configure:14534: checking if g++ static flag -static works
configure:14562: result: yes
configure:14574: checking if g++ supports -c -o file.o
configure:14595: g++ -c -g -O2  -o out/conftest2.o conftest.cpp >&5
configure:14599: $? = 0
configure:14621: result: yes
configure:14626: checking if g++ supports -c -o file.o
configure:14673: result: yes
configure:14703: checking whether the g++ linker (/usr/bin/ld) supports shared libraries
configure:14742: result: yes
configure:14883: checking dynamic linker characteristics
configure:15551: result: GNU/Linux ld.so
configure:15604: checking how to hardcode library paths into programs
configure:15629: result: immediate
configure:15691: checking for main in -lpthread
configure:15710: gcc -o conftest -g -O2   conftest.c -lpthread   >&5
configure:15710: $? = 0
configure:15719: result: yes
configure:15730: checking for main in -lrt
configure:15749: gcc -o conftest -g -O2   conftest.c -lrt  -lpthread  >&5
configure:15749: $? = 0
configure:15758: result: yes
configure:15769: checking for main in -lm
configure:15788: gcc -o conftest -g -O2   conftest.c -lm  -lrt -lpthread  >&5
configure:15788: $? = 0
configure:15797: result: yes
configure:15808: checking for main in -ldl
configure:15827: gcc -o conftest -g -O2   conftest.c -ldl  -lm -lrt -lpthread  >&5
configure:15827: $? = 0
configure:15836: result: yes
configure:15847: checking whether clock_gettime is declared
configure:15847: gcc -c -g -O2  conftest.c >&5
configure:15847: $? = 0
configure:15847: result: yes
configure:16000: creating ./config.status

## ---------------- ##
## Cache variables. ##
## ---------------- ##

ac_cv_build=armv6l-unknown-linux-gnueabi
ac_cv_c_compiler_gnu=yes
ac_cv_cxx_compiler_gnu=yes
ac_cv_env_CCC_set=
ac_cv_env_CCC_value=
ac_cv_env_CC_set=
ac_cv_env_CC_value=
ac_cv_env_CFLAGS_set=
ac_cv_env_CFLAGS_value=
ac_cv_env_CPPFLAGS_set=
ac_cv_env_CPPFLAGS_value=
ac_cv_env_CPP_set=
ac_cv_env_CPP_value=
ac_cv_env_CXXCPP_set=
ac_cv_env_CXXCPP_value=
ac_cv_env_CXXFLAGS_set=
ac_cv_env_CXXFLAGS_value=
ac_cv_env_CXX_set=
ac_cv_env_CXX_value=
ac_cv_env_LDFLAGS_set=
ac_cv_env_LDFLAGS_value=
ac_cv_env_LIBS_set=
ac_cv_env_LIBS_value=
ac_cv_env_build_alias_set=
ac_cv_env_build_alias_value=
ac_cv_env_host_alias_set=
ac_cv_env_host_alias_value=
ac_cv_env_target_alias_set=
ac_cv_env_target_alias_value=
ac_cv_have_decl_clock_gettime=yes
ac_cv_header_dlfcn_h=yes
ac_cv_header_inttypes_h=yes
ac_cv_header_memory_h=yes
ac_cv_header_stdc=yes
ac_cv_header_stdint_h=yes
ac_cv_header_stdlib_h=yes
ac_cv_header_string_h=yes
ac_cv_header_strings_h=yes
ac_cv_header_sys_stat_h=yes
ac_cv_header_sys_types_h=yes
ac_cv_header_unistd_h=yes
ac_cv_host=armv6l-unknown-linux-gnueabi
ac_cv_lib_dl_main=yes
ac_cv_lib_m_main=yes
ac_cv_lib_pthread_main=yes
ac_cv_lib_rt_main=yes
ac_cv_objext=o
ac_cv_path_EGREP='/bin/grep -E'
ac_cv_path_FGREP='/bin/grep -F'
ac_cv_path_GREP=/bin/grep
ac_cv_path_SED=/bin/sed
ac_cv_path_install='/usr/bin/install -c'
ac_cv_path_mkdir=/bin/mkdir
ac_cv_prog_AWK=mawk
ac_cv_prog_CPP='gcc -E'
ac_cv_prog_CXXCPP='g++ -E'
ac_cv_prog_ac_ct_AR=ar
ac_cv_prog_ac_ct_CC=gcc
ac_cv_prog_ac_ct_CXX=g++
ac_cv_prog_ac_ct_MANIFEST_TOOL=mt
ac_cv_prog_ac_ct_OBJDUMP=objdump
ac_cv_prog_ac_ct_RANLIB=ranlib
ac_cv_prog_ac_ct_STRIP=strip
ac_cv_prog_cc_c89=
ac_cv_prog_cc_g=yes
ac_cv_prog_cxx_g=yes
ac_cv_prog_make_make_set=yes
ac_cv_search_strerror='none required'
am_cv_CC_dependencies_compiler_type=gcc3
am_cv_CXX_dependencies_compiler_type=gcc3
lt_cv_ar_at_file=@
lt_cv_archive_cmds_need_lc=no
lt_cv_deplibs_check_method=pass_all
lt_cv_file_magic_cmd='$MAGIC_CMD'
lt_cv_file_magic_test_file=
lt_cv_ld_reload_flag=-r
lt_cv_nm_interface='BSD nm'
lt_cv_objdir=.libs
lt_cv_path_LD=/usr/bin/ld
lt_cv_path_LDCXX=/usr/bin/ld
lt_cv_path_NM='/usr/bin/nm -B'
lt_cv_path_mainfest_tool=no
lt_cv_prog_compiler_c_o=yes
lt_cv_prog_compiler_c_o_CXX=yes
lt_cv_prog_compiler_pic='-fPIC -DPIC'
lt_cv_prog_compiler_pic_CXX='-fPIC -DPIC'
lt_cv_prog_compiler_pic_works=yes
lt_cv_prog_compiler_pic_works_CXX=yes
lt_cv_prog_compiler_rtti_exceptions=no
lt_cv_prog_compiler_static_works=yes
lt_cv_prog_compiler_static_works_CXX=yes
lt_cv_prog_gnu_ld=yes
lt_cv_prog_gnu_ldcxx=yes
lt_cv_sharedlib_from_linklib_cmd='printf %s\n'
lt_cv_shlibpath_overrides_runpath=no
lt_cv_sys_global_symbol_pipe='sed -n -e '\''s/^.*[	 ]\([ABCDGIRSTW][ABCDGIRSTW]*\)[	 ][	 ]*\([_A-Za-z][_A-Za-z0-9]*\)$/\1 \2 \2/p'\'' | sed '\''/ __gnu_lto/d'\'''
lt_cv_sys_global_symbol_to_c_name_address='sed -n -e '\''s/^: \([^ ]*\)[ ]*$/  {\"\1\", (void *) 0},/p'\'' -e '\''s/^[ABCDGIRSTW]* \([^ ]*\) \([^ ]*\)$/  {"\2", (void *) \&\2},/p'\'''
lt_cv_sys_global_symbol_to_c_name_address_lib_prefix='sed -n -e '\''s/^: \([^ ]*\)[ ]*$/  {\"\1\", (void *) 0},/p'\'' -e '\''s/^[ABCDGIRSTW]* \([^ ]*\) \(lib[^ ]*\)$/  {"\2", (void *) \&\2},/p'\'' -e '\''s/^[ABCDGIRSTW]* \([^ ]*\) \([^ ]*\)$/  {"lib\2", (void *) \&\2},/p'\'''
lt_cv_sys_global_symbol_to_cdecl='sed -n -e '\''s/^T .* \(.*\)$/extern int \1();/p'\'' -e '\''s/^[ABCDGIRSTW]* .* \(.*\)$/extern char \1;/p'\'''
lt_cv_sys_max_cmd_len=805306365
lt_cv_to_host_file_cmd=func_convert_file_noop
lt_cv_to_tool_file_cmd=func_convert_file_noop

## ----------------- ##
## Output variables. ##
## ----------------- ##

ACLOCAL='${SHELL} /mnt/Boblight/build-pi/missing --run aclocal-1.11'
AMDEPBACKSLASH='\'
AMDEP_FALSE='#'
AMDEP_TRUE=''
AMTAR='$${TAR-tar}'
AR='ar'
AUTOCONF='${SHELL} /mnt/Boblight/build-pi/missing --run autoconf'
AUTOHEADER='${SHELL} /mnt/Boblight/build-pi/missing --run autoheader'
AUTOMAKE='${SHELL} /mnt/Boblight/build-pi/missing --run automake-1.11'
AWK='mawk'
CC='gcc'
CCDEPMODE='depmode=gcc3'
CFLAGS='-g -O2'
CPP='gcc -E'
CPPFLAGS=''
CXX='g++'
CXXCPP='g++ -E'
CXXDEPMODE='depmode=gcc3'
CXXFLAGS='-g -O2'
CYGPATH_W='echo'
DEFS='-DHAVE_CONFIG_H'
DEPDIR='.deps'
DLLTOOL='false'
DSYMUTIL=''
DUMPBIN=''
ECHO_C=''
ECHO_N='-n'
ECHO_T=''
EGREP='/bin/grep -E'
EXEEXT=''
FGREP='/bin/grep -F'
GREP='/bin/grep'
INSTALL_DATA='${INSTALL} -m 644'
INSTALL_PROGRAM='${INSTALL}'
INSTALL_SCRIPT='${INSTALL}'
INSTALL_STRIP_PROGRAM='$(install_sh) -c -s'
LD='/usr/bin/ld'
LDFLAGS=''
LIBOBJS=''
LIBS='-ldl -lm -lrt -lpthread '
LIBTOOL='$(SHELL) $(top_builddir)/libtool'
LIPO=''
LN_S='ln -s'
LTLIBOBJS=''
MAINT='#'
MAINTAINER_MODE_FALSE=''
MAINTAINER_MODE_TRUE='#'
MAKEINFO='${SHELL} /mnt/Boblight/build-pi/missing --run makeinfo'
MANIFEST_TOOL=':'
MKDIR_P='/bin/mkdir -p'
NM='/usr/bin/nm -B'
NMEDIT=''
OBJDUMP='objdump'
OBJEXT='o'
OTOOL64=''
OTOOL=''
PACKAGE='boblight'
PACKAGE_BUGREPORT=''
PACKAGE_NAME='boblight'
PACKAGE_STRING='boblight 2.0'
PACKAGE_TARNAME='boblight'
PACKAGE_URL=''
PACKAGE_VERSION='2.0'
PATH_SEPARATOR=':'
RANLIB='ranlib'
SED='/bin/sed'
SET_MAKE=''
SHELL='/bin/bash'
STRIP='strip'
VERSION='2.0'
ac_ct_AR='ar'
ac_ct_CC='gcc'
ac_ct_CXX='g++'
ac_ct_DUMPBIN=''
am__EXEEXT_FALSE=''
am__EXEEXT_TRUE='#'
am__fastdepCC_FALSE='#'
am__fastdepCC_TRUE=''
am__fastdepCXX_FALSE='#'
am__fastdepCXX_TRUE=''
am__include='include'
am__isrc=''
am__leading_dot='.'
am__nodep='_no'
am__quote=''
am__tar='$${TAR-tar} chof - "$$tardir"'
am__untar='$${TAR-tar} xf -'
bindir='${exec_prefix}/bin'
build='armv6l-unknown-linux-gnueabi'
build_alias=''
build_cpu='armv6l'
build_os='linux-gnueabi'
build_vendor='unknown'
datadir='${datarootdir}'
datarootdir='${prefix}/share'
docdir='${datarootdir}/doc/${PACKAGE_TARNAME}'
dvidir='${docdir}'
exec_prefix='${prefix}'
host='armv6l-unknown-linux-gnueabi'
host_alias=''
host_cpu='armv6l'
host_os='linux-gnueabi'
host_vendor='unknown'
htmldir='${docdir}'
includedir='${prefix}/include'
infodir='${datarootdir}/info'
install_sh='${SHELL} /mnt/Boblight/build-pi/install-sh'
libdir='${exec_prefix}/lib'
libexecdir='${exec_prefix}/libexec'
localedir='${datarootdir}/locale'
localstatedir='${prefix}/var'
mandir='${datarootdir}/man'
mkdir_p='/bin/mkdir -p'
oldincludedir='/usr/include'
pdfdir='${docdir}'
prefix='/usr/local'
program_transform_name='s,x,x,'
psdir='${docdir}'
sbindir='${exec_prefix}/sbin'
sharedstatedir='${prefix}/com'
sysconfdir='${prefix}/etc'
target_alias=''

## ----------- ##
## confdefs.h. ##
## ----------- ##

/* confdefs.h */
#define PACKAGE_NAME "boblight"
#define PACKAGE_TARNAME "boblight"
#define PACKAGE_VERSION "2.0"
#define PACKAGE_STRING "boblight 2.0"
#define PACKAGE_BUGREPORT ""
#define PACKAGE_URL ""
#define PACKAGE "boblight"
#define VERSION "2.0"
#define STDC_HEADERS 1
#define HAVE_SYS_TYPES_H 1
#define HAVE_SYS_STAT_H 1
#define HAVE_STDLIB_H 1
#define HAVE_STRING_H 1
#define HAVE_MEMORY_H 1
#define HAVE_STRINGS_H 1
#define HAVE_INTTYPES_H 1
#define HAVE_STDINT_H 1
#define HAVE_UNISTD_H 1
#define HAVE_DLFCN_H 1
#define LT_OBJDIR ".libs/"
#define HAVE_LIBPTHREAD 1
#define HAVE_LIBRT 1
#define HAVE_LIBM 1
#define HAVE_LIBDL 1
#define HAVE_CLOCK_GETTIME 1

configure: exit 0

## ---------------------- ##
## Running config.status. ##
## ---------------------- ##

This file was extended by boblight config.status 2.0, which was
generated by GNU Autoconf 2.69.  Invocation command line was

  CONFIG_FILES    = 
  CONFIG_HEADERS  = 
  CONFIG_LINKS    = 
  CONFIG_COMMANDS = 
  $ ./config.status 

on raspbmc

config.status:1148: creating Makefile
config.status:1148: creating src/Makefile
config.status:1148: creating config.h
config.status:1329: config.h is unchanged
config.status:1377: executing depfiles commands
config.status:1377: executing libtool commands
